<?xml version="1.0" encoding="UTF-8"?>
<!-- Generated by org.testng.reporters.JUnitXMLReporter -->
<testsuite hostname="LAPTOP-IGHB7M0S" ignored="0" name="Default test" tests="8" failures="0" timestamp="2023-01-12T10:13:01 IST" time="15.242" errors="0">
  <testcase name="checkurl" time="0.008" classname="com.spt.facebook.Facebook.Mini.Facebook_testng$Amazon_testng"/>
  <testcase name="click" time="4.416" classname="com.spt.facebook.Facebook.Mini.Facebook_testng$Amazon_testng"/>
  <testcase name="navigateurl" time="1.122" classname="com.spt.facebook.Facebook.Mini.Facebook_testng$Amazon_testng"/>
  <testcase name="username" time="0.248" classname="com.spt.facebook.Facebook.Mini.Facebook_testng$Amazon_testng"/>
  <testcase name="password" time="0.406" classname="com.spt.facebook.Facebook.Mini.Facebook_testng$Amazon_testng"/>
  <testcase name="formfilling" time="1.751" classname="com.spt.facebook.Facebook.Mini.Facebook_testng$Amazon_testng"/>
  <testcase name="signupclick" time="0.615" classname="com.spt.facebook.Facebook.Mini.Facebook_testng$Amazon_testng"/>
  <testcase name="title" time="1.68" classname="com.spt.facebook.Facebook.Mini.Facebook_testng$Amazon_testng"/>
</testsuite> <!-- Default test -->
